<?xml version="1.0" encoding="UTF-8"?>
<testng-results ignored="0" total="1" passed="1" failed="0" skipped="0">
  <reporter-output>
  </reporter-output>
  <suite started-at="2024-04-03T07:13:51Z" name="Default suite" finished-at="2024-04-03T07:15:48Z" duration-ms="116931">
    <groups>
    </groups>
    <test started-at="2024-04-03T07:13:51Z" name="Default test" finished-at="2024-04-03T07:15:48Z" duration-ms="116931">
      <class name="SpicePart_A.SpicePartB_upload_V3">
        <test-method signature="run()[pri:0, instance:SpicePart_A.SpicePartB_upload_V3@6138e79a]" started-at="2024-04-03T00:13:51Z" name="run" finished-at="2024-04-03T00:15:48Z" duration-ms="116918" status="PASS">
          <reporter-output>
          </reporter-output>
        </test-method> <!-- run -->
      </class> <!-- SpicePart_A.SpicePartB_upload_V3 -->
    </test> <!-- Default test -->
  </suite> <!-- Default suite -->
</testng-results>
